# JRE version: OpenJDK Runtime Environment (18.0.2+9) (build 18.0.2+9-61)
# Java VM: OpenJDK 64-Bit Server VM (18.0.2+9-61, mixed mode, sharing, tiered, compressed oops, compressed class ptrs, g1 gc, windows-amd64)
GC Precious Log:
 CardTable entry size: 512
 Card Set container configuration: InlinePtr #cards 4 size 8 Array Of Cards #cards 32 size 80 Howl #buckets 8 coarsen threshold 7372 Howl Bitmap #cards 1024 size 144 coarsen threshold 921 Card regions per heap region 1 cards per card region 8192
 CPUs: 8 total, 8 available
 Memory: 32647M
 Large Page Support: Disabled
 NUMA Support: Disabled
 Compressed Oops: Enabled (Zero based)
 Heap Region Size: 4M
 Heap Min Capacity: 8M
 Heap Initial Capacity: 512M
 Heap Max Capacity: 8164M
 Pre-touch: Disabled
 Parallel Workers: 8
 Concurrent Workers: 2
 Concurrent Refinement Workers: 8
 Periodic GC: Disabled
Heap:
 garbage-first heap   total 139264K, used 68120K [0x0000000601c00000, 0x0000000800000000)
  region size 4096K, 12 young (49152K), 2 survivors (8192K)
 Metaspace       used 61964K, committed 62464K, reserved 1114112K
  class space    used 8019K, committed 8256K, reserved 1048576K
GC Heap History (20 events):
Event: 3.162 GC heap before
{Heap before GC invocations=6 (full 0):
 garbage-first heap   total 69632K, used 20951K [0x0000000601c00000, 0x0000000800000000)
  region size 4096K, 3 young (12288K), 2 survivors (8192K)
 Metaspace       used 27255K, committed 27648K, reserved 1114112K
  class space    used 3386K, committed 3584K, reserved 1048576K
}
Event: 3.169 GC heap after
{Heap after GC invocations=7 (full 0):
 garbage-first heap   total 69632K, used 17348K [0x0000000601c00000, 0x0000000800000000)
  region size 4096K, 1 young (4096K), 1 survivors (4096K)
 Metaspace       used 27255K, committed 27648K, reserved 1114112K
  class space    used 3386K, committed 3584K, reserved 1048576K
}
Event: 3.658 GC heap before
{Heap before GC invocations=7 (full 0):
 garbage-first heap   total 69632K, used 41924K [0x0000000601c00000, 0x0000000800000000)
  region size 4096K, 7 young (28672K), 1 survivors (4096K)
 Metaspace       used 30658K, committed 31040K, reserved 1114112K
  class space    used 3822K, committed 4032K, reserved 1048576K
}
Event: 3.660 GC heap after
{Heap after GC invocations=8 (full 0):
 garbage-first heap   total 69632K, used 17963K [0x0000000601c00000, 0x0000000800000000)
  region size 4096K, 1 young (4096K), 1 survivors (4096K)
 Metaspace       used 30658K, committed 31040K, reserved 1114112K
  class space    used 3822K, committed 4032K, reserved 1048576K
}
Event: 4.047 GC heap before
{Heap before GC invocations=8 (full 0):
 garbage-first heap   total 69632K, used 34347K [0x0000000601c00000, 0x0000000800000000)
  region size 4096K, 6 young (24576K), 1 survivors (4096K)
 Metaspace       used 35749K, committed 36096K, reserved 1114112K
  class space    used 4621K, committed 4800K, reserved 1048576K
}
Event: 4.050 GC heap after
{Heap after GC invocations=9 (full 0):
 garbage-first heap   total 69632K, used 19208K [0x0000000601c00000, 0x0000000800000000)
  region size 4096K, 1 young (4096K), 1 survivors (4096K)
 Metaspace       used 35749K, committed 36096K, reserved 1114112K
  class space    used 4621K, committed 4800K, reserved 1048576K
}
Event: 4.649 GC heap before
{Heap before GC invocations=10 (full 0):
 garbage-first heap   total 69632K, used 47880K [0x0000000601c00000, 0x0000000800000000)
  region size 4096K, 8 young (32768K), 1 survivors (4096K)
 Metaspace       used 43786K, committed 44160K, reserved 1114112K
  class space    used 5773K, committed 5952K, reserved 1048576K
}
Event: 4.653 GC heap after
{Heap after GC invocations=11 (full 0):
 garbage-first heap   total 69632K, used 21915K [0x0000000601c00000, 0x0000000800000000)
  region size 4096K, 1 young (4096K), 1 survivors (4096K)
 Metaspace       used 43786K, committed 44160K, reserved 1114112K
  class space    used 5773K, committed 5952K, reserved 1048576K
}
Event: 5.096 GC heap before
{Heap before GC invocations=11 (full 0):
 garbage-first heap   total 69632K, used 46491K [0x0000000601c00000, 0x0000000800000000)
  region size 4096K, 7 young (28672K), 1 survivors (4096K)
 Metaspace       used 47226K, committed 47616K, reserved 1114112K
  class space    used 6224K, committed 6400K, reserved 1048576K
}
Event: 5.100 GC heap after
{Heap after GC invocations=12 (full 0):
 garbage-first heap   total 69632K, used 22949K [0x0000000601c00000, 0x0000000800000000)
  region size 4096K, 1 young (4096K), 1 survivors (4096K)
 Metaspace       used 47226K, committed 47616K, reserved 1114112K
  class space    used 6224K, committed 6400K, reserved 1048576K
}
Event: 5.544 GC heap before
{Heap before GC invocations=12 (full 0):
 garbage-first heap   total 69632K, used 43429K [0x0000000601c00000, 0x0000000800000000)
  region size 4096K, 7 young (28672K), 1 survivors (4096K)
 Metaspace       used 51471K, committed 51776K, reserved 1114112K
  class space    used 6757K, committed 6912K, reserved 1048576K
}
Event: 5.546 GC heap after
{Heap after GC invocations=13 (full 0):
 garbage-first heap   total 69632K, used 24456K [0x0000000601c00000, 0x0000000800000000)
  region size 4096K, 1 young (4096K), 1 survivors (4096K)
 Metaspace       used 51471K, committed 51776K, reserved 1114112K
  class space    used 6757K, committed 6912K, reserved 1048576K
}
Event: 5.759 GC heap before
{Heap before GC invocations=13 (full 0):
 garbage-first heap   total 69632K, used 49032K [0x0000000601c00000, 0x0000000800000000)
  region size 4096K, 7 young (28672K), 1 survivors (4096K)
 Metaspace       used 52232K, committed 52608K, reserved 1114112K
  class space    used 6828K, committed 6976K, reserved 1048576K
}
Event: 5.763 GC heap after
{Heap after GC invocations=14 (full 0):
 garbage-first heap   total 69632K, used 25725K [0x0000000601c00000, 0x0000000800000000)
  region size 4096K, 1 young (4096K), 1 survivors (4096K)
 Metaspace       used 52232K, committed 52608K, reserved 1114112K
  class space    used 6828K, committed 6976K, reserved 1048576K
}
Event: 5.969 GC heap before
{Heap before GC invocations=14 (full 0):
 garbage-first heap   total 69632K, used 50301K [0x0000000601c00000, 0x0000000800000000)
  region size 4096K, 7 young (28672K), 1 survivors (4096K)
 Metaspace       used 52892K, committed 53312K, reserved 1114112K
  class space    used 6895K, committed 7104K, reserved 1048576K
}
Event: 5.972 GC heap after
{Heap after GC invocations=15 (full 0):
 garbage-first heap   total 69632K, used 26710K [0x0000000601c00000, 0x0000000800000000)
  region size 4096K, 1 young (4096K), 1 survivors (4096K)
 Metaspace       used 52892K, committed 53312K, reserved 1114112K
  class space    used 6895K, committed 7104K, reserved 1048576K
}
Event: 6.158 GC heap before
{Heap before GC invocations=15 (full 0):
 garbage-first heap   total 69632K, used 51286K [0x0000000601c00000, 0x0000000800000000)
  region size 4096K, 7 young (28672K), 1 survivors (4096K)
 Metaspace       used 53833K, committed 54336K, reserved 1114112K
  class space    used 7004K, committed 7232K, reserved 1048576K
}
Event: 6.162 GC heap after
{Heap after GC invocations=16 (full 0):
 garbage-first heap   total 299008K, used 27590K [0x0000000601c00000, 0x0000000800000000)
  region size 4096K, 1 young (4096K), 1 survivors (4096K)
 Metaspace       used 53833K, committed 54336K, reserved 1114112K
  class space    used 7004K, committed 7232K, reserved 1048576K
}
Event: 15.015 GC heap before
{Heap before GC invocations=16 (full 0):
 garbage-first heap   total 299008K, used 93126K [0x0000000601c00000, 0x0000000800000000)
  region size 4096K, 18 young (73728K), 1 survivors (4096K)
 Metaspace       used 60353K, committed 60800K, reserved 1114112K
  class space    used 7835K, committed 8064K, reserved 1048576K
}
Event: 15.021 GC heap after
{Heap after GC invocations=17 (full 0):
 garbage-first heap   total 299008K, used 31256K [0x0000000601c00000, 0x0000000800000000)
  region size 4096K, 2 young (8192K), 2 survivors (8192K)
 Metaspace       used 60353K, committed 60800K, reserved 1114112K
  class space    used 7835K, committed 8064K, reserved 1048576K
}

